<?xml version="1.0" encoding="UTF-8"?>
<!-- Generated by org.testng.reporters.JUnitReportReporter -->
<testsuite hostname="DESKTOP-VHJ66FJ" failures="1" tests="9" name="com.example.Cucumber_TestNG_Practice.runner.CucumberRunnerTest" time="150.038" errors="0" timestamp="1 Jan 2024 15:44:00 GMT">
  <testcase classname="com.example.Cucumber_TestNG_Practice.runner.CucumberRunnerTest" name="runScenario" time="24.055"/>
  <testcase classname="com.example.Cucumber_TestNG_Practice.runner.CucumberRunnerTest" name="runScenario" time="10.933"/>
  <testcase classname="com.example.Cucumber_TestNG_Practice.runner.CucumberRunnerTest" name="runScenario" time="21.650"/>
  <testcase classname="com.example.Cucumber_TestNG_Practice.runner.CucumberRunnerTest" name="runScenario" time="20.096"/>
  <testcase classname="com.example.Cucumber_TestNG_Practice.runner.CucumberRunnerTest" name="runScenario" time="19.891"/>
  <testcase classname="com.example.Cucumber_TestNG_Practice.runner.CucumberRunnerTest" name="runScenario" time="11.178"/>
  <testcase classname="com.example.Cucumber_TestNG_Practice.runner.CucumberRunnerTest" name="runScenario" time="10.382"/>
  <testcase classname="com.example.Cucumber_TestNG_Practice.runner.CucumberRunnerTest" name="runScenario" time="20.140">
    <failure message="expected [(1) Record Found] but found [(50) Records Found]" type="java.lang.AssertionError">
      <![CDATA[java.lang.AssertionError: expected [(1) Record Found] but found [(50) Records Found]
	at org.testng.Assert.fail(Assert.java:94)
	at org.testng.Assert.failNotEquals(Assert.java:496)
	at org.testng.Assert.assertEquals(Assert.java:125)
	at org.testng.Assert.assertEquals(Assert.java:178)
	at org.testng.Assert.assertEquals(Assert.java:188)
	at com.example.Cucumber_TestNG_Practice.definitions.SystemUsersSearchPageDefinition.user_details_must_be_displayed(SystemUsersSearchPageDefinition.java:96)
	at âœ½.User details must be displayed(file:///C:/Users/BSR/git/CucumberTestNG/Cucumber_TestNG_Practice/src/test/resource/features/AdminSystemUsersSearch.feature:36)
]]>
    </failure>
  </testcase> <!-- runScenario -->
  <testcase classname="com.example.Cucumber_TestNG_Practice.runner.CucumberRunnerTest" name="runScenario" time="11.713"/>
</testsuite> <!-- com.example.Cucumber_TestNG_Practice.runner.CucumberRunnerTest -->
