<?xml version="1.0" encoding="UTF-8"?>
<!-- Generated by org.testng.reporters.JUnitXMLReporter -->
<testsuite hostname="DESKTOP-VHJ66FJ" failures="1" tests="9" name="Default test" time="150.534" errors="0" timestamp="1 Jan 2024 15:44:00 GMT">
  <testcase classname="com.example.Cucumber_TestNG_Practice.runner.CucumberRunnerTest" name="runScenario" time="24.055"/>
  <testcase classname="com.example.Cucumber_TestNG_Practice.runner.CucumberRunnerTest" name="runScenario" time="20.096"/>
  <testcase classname="com.example.Cucumber_TestNG_Practice.runner.CucumberRunnerTest" name="runScenario" time="21.65"/>
  <testcase classname="com.example.Cucumber_TestNG_Practice.runner.CucumberRunnerTest" name="runScenario" time="20.14">
    <failure type="java.lang.AssertionError" message="expected [(1) Record Found] but found [(50) Records Found]">
      <![CDATA[java.lang.AssertionError: expected [(1) Record Found] but found [(50) Records Found]
	at org.testng.Assert.fail(Assert.java:94)
	at org.testng.Assert.failNotEquals(Assert.java:496)
	at org.testng.Assert.assertEquals(Assert.java:125)
	at org.testng.Assert.assertEquals(Assert.java:178)
	at org.testng.Assert.assertEquals(Assert.java:188)
	at com.example.Cucumber_TestNG_Practice.definitions.SystemUsersSearchPageDefinition.user_details_must_be_displayed(SystemUsersSearchPageDefinition.java:96)
	at âœ½.User details must be displayed(file:///C:/Users/BSR/git/CucumberTestNG/Cucumber_TestNG_Practice/src/test/resource/features/AdminSystemUsersSearch.feature:36)
]]>
    </failure>
  </testcase> <!-- runScenario -->
  <testcase classname="com.example.Cucumber_TestNG_Practice.runner.CucumberRunnerTest" name="runScenario" time="19.891"/>
  <testcase classname="com.example.Cucumber_TestNG_Practice.runner.CucumberRunnerTest" name="runScenario" time="10.382"/>
  <testcase classname="com.example.Cucumber_TestNG_Practice.runner.CucumberRunnerTest" name="runScenario" time="10.933"/>
  <testcase classname="com.example.Cucumber_TestNG_Practice.runner.CucumberRunnerTest" name="runScenario" time="11.713"/>
  <testcase classname="com.example.Cucumber_TestNG_Practice.runner.CucumberRunnerTest" name="runScenario" time="11.178"/>
</testsuite> <!-- Default test -->
